<?xml version="1.0" encoding="UTF-8"?>
<!-- Generated by org.testng.reporters.JUnitReportReporter -->
<testsuite hostname="DESKTOP-55AGI0I" failures="0" tests="1" name="com.optum.insurance.tests.CanadaPhoneTest" time="26.574" errors="0" timestamp="2023-02-24T17:24:49 IST" skipped="0">
  <testcase classname="com.optum.insurance.tests.CanadaPhoneTest" name="verifyIncorrectCredentials" time="26.574"/>
  <system-out/>
</testsuite> <!-- com.optum.insurance.tests.CanadaPhoneTest -->
