<?xml version="1.0" encoding="UTF-8"?>
<testsuite name="com.optum.insurance.models.interactiontests.MessageSpecification" tests="1" skipped="0" failures="1" errors="0" timestamp="2023-02-24T10:09:11" hostname="DESKTOP-55AGI0I" time="2.003">
  <properties/>
  <testcase name="Vehicle List Grows when New Vehicle Added" classname="com.optum.insurance.models.interactiontests.MessageSpecification" time="2.003">
    <failure message="Too few invocations for:&#10;&#10;1*emailService.sendMail(&quot;testUser@gmail&quot;,&quot;admin@admin.com&quot;,&quot;Your account is activated&quot;, &quot;Congratulation now you can login&quot;)   (0 invocations)&#10;&#10;Unmatched invocations (ordered by similarity):&#10;&#10;None&#10;&#10;" type="org.spockframework.mock.TooFewInvocationsError">Too few invocations for:

1*emailService.sendMail(&quot;testUser@gmail&quot;,&quot;admin@admin.com&quot;,&quot;Your account is activated&quot;, &quot;Congratulation now you can login&quot;)   (0 invocations)

Unmatched invocations (ordered by similarity):

None


	at app//org.spockframework.mock.runtime.InteractionScope.verifyInteractions(InteractionScope.java:104)
	at app//org.spockframework.mock.runtime.MockController.leaveScope(MockController.java:77)
	at com.optum.insurance.models.interactiontests.MessageSpecification.Vehicle List Grows when New Vehicle Added(MessageSpecification.groovy:21)
</failure>
  </testcase>
  <system-out><![CDATA[]]></system-out>
  <system-err><![CDATA[]]></system-err>
</testsuite>
