<?xml version="1.0" encoding="UTF-8"?>
<testsuite name="com.optum.insurance.tests.VehicleTest" tests="2" skipped="0" failures="0" errors="0" timestamp="2023-02-24T07:12:39" hostname="DESKTOP-55AGI0I" time="0.06">
  <properties/>
  <testcase name="Guess test" classname="com.optum.insurance.tests.VehicleTest" time="0.054"/>
  <testcase name="Vehicle test" classname="com.optum.insurance.tests.VehicleTest" time="0.0"/>
  <system-out><![CDATA[]]></system-out>
  <system-err><![CDATA[]]></system-err>
</testsuite>
