<?xml version="1.0" encoding="UTF-8"?>
<testsuite name="com.optum.insurance.tests.VehicleTest" tests="4" skipped="0" failures="0" errors="0" timestamp="2023-02-24T06:11:05" hostname="DESKTOP-55AGI0I" time="0.1">
  <properties/>
  <testcase name="[1] com.optum.insurance.Vehicle(TN-32-24679, Honda, 2020-01-01, 234234, 2454325, Diesel, Blue)" classname="com.optum.insurance.tests.VehicleTest" time="0.09"/>
  <testcase name="[2] com.optum.insurance.Vehicle(TN-32-24680, Hyundai, 2020-01-01, 234234, 2454325, Diesel, Blue)" classname="com.optum.insurance.tests.VehicleTest" time="0.001"/>
  <testcase name="[3] com.optum.insurance.Vehicle(TN-32-24690, Benz, 2020-01-01, 234234, 2454325, Diesel, Blue)" classname="com.optum.insurance.tests.VehicleTest" time="0.001"/>
  <testcase name="[4] com.optum.insurance.Vehicle(TN-32-24697, Toyato, 2020-01-01, 234234, 2454325, Diesel, Blue)" classname="com.optum.insurance.tests.VehicleTest" time="0.001"/>
  <system-out><![CDATA[]]></system-out>
  <system-err><![CDATA[]]></system-err>
</testsuite>
