<?xml version="1.0" encoding="UTF-8"?>
<testsuite name="com.optum.insurance.models.tests.VehicleSpec" tests="1" skipped="0" failures="0" errors="0" timestamp="2023-02-24T09:23:33" hostname="DESKTOP-55AGI0I" time="0.352">
  <properties/>
  <testcase name="Vehicle List Grows when New Vehicle Added" classname="com.optum.insurance.models.tests.VehicleSpec" time="0.352"/>
  <system-out><![CDATA[]]></system-out>
  <system-err><![CDATA[]]></system-err>
</testsuite>
