<?xml version="1.0" encoding="UTF-8"?>
<testsuite name="com.optum.insurance.models.tests.DataDrivenSpec" tests="2" skipped="0" failures="1" errors="0" timestamp="2023-02-24T09:36:32" hostname="DESKTOP-55AGI0I" time="0.456">
  <properties/>
  <testcase name="Laptop has 65000" classname="com.optum.insurance.models.tests.DataDrivenSpec" time="0.031"/>
  <testcase name="Tablet has 20000" classname="com.optum.insurance.models.tests.DataDrivenSpec" time="0.422">
    <failure message="Condition not satisfied:&#10;&#10;product.getCost() == cost&#10;|       |         |  |&#10;|       500       |  20000&#10;|                 false&#10;|                 3 differences (40% similarity)&#10;|                 (5)00(--)&#10;|                 (2)00(00)&#10;&lt;com.optum.insurance.models.tests.DataDrivenSpec$Product@211c68f3 name=Tablet&gt;&#10;" type="org.spockframework.runtime.SpockComparisonFailure">Condition not satisfied:

product.getCost() == cost
|       |         |  |
|       500       |  20000
|                 false
|                 3 differences (40% similarity)
|                 (5)00(--)
|                 (2)00(00)
&lt;com.optum.insurance.models.tests.DataDrivenSpec$Product@211c68f3 name=Tablet&gt;

	at com.optum.insurance.models.tests.DataDrivenSpec.#product.name has #cost(DataDrivenSpec.groovy:9)
</failure>
  </testcase>
  <system-out><![CDATA[]]></system-out>
  <system-err><![CDATA[]]></system-err>
</testsuite>
