<?xml version="1.0" encoding="UTF-8"?>
<testsuite name="com.optum.insurance.tests.VehicleTest" tests="1" skipped="0" failures="0" errors="0" timestamp="2023-02-24T06:58:25" hostname="DESKTOP-55AGI0I" time="0.087">
  <properties/>
  <testcase name="[1] EV" classname="com.optum.insurance.tests.VehicleTest" time="0.087"/>
  <system-out><![CDATA[]]></system-out>
  <system-err><![CDATA[]]></system-err>
</testsuite>
