<?xml version="1.0" encoding="UTF-8"?>
<testsuite name="com.optum.insurance.tests.VehicleTest" tests="2" skipped="0" failures="0" errors="0" timestamp="2023-02-24T07:10:53" hostname="DESKTOP-55AGI0I" time="0.035">
  <properties/>
  <testcase name="Add test" classname="com.optum.insurance.tests.VehicleTest" time="0.029"/>
  <testcase name="Multiply Test" classname="com.optum.insurance.tests.VehicleTest" time="0.001"/>
  <system-out><![CDATA[]]></system-out>
  <system-err><![CDATA[]]></system-err>
</testsuite>
