<?xml version="1.0" encoding="UTF-8"?>
<testsuite name="com.optum.insurance.tests.CanadaPhoneTest" tests="1" skipped="0" failures="0" errors="0" timestamp="2023-02-24T11:54:32" hostname="DESKTOP-55AGI0I" time="15.044">
  <properties/>
  <testcase name="verifyIncorrectCredentials" classname="com.optum.insurance.tests.CanadaPhoneTest" time="15.044"/>
  <system-out><![CDATA[]]></system-out>
  <system-err><![CDATA[Starting ChromeDriver 110.0.5481.77 (65ed616c6e8ee3fe0ad64fe83796c020644d42af-refs/branch-heads/5481@{#839}) on port 18466
Only local connections are allowed.
Please see https://chromedriver.chromium.org/security-considerations for suggestions on keeping ChromeDriver safe.
ChromeDriver was started successfully.
[1677239667.031][WARNING]: virtual void DevToolsClientImpl::AddListener(DevToolsEventListener *) subscribing a listener to the already connected DevToolsClient. Connection notification will not arrive.
]]></system-err>
</testsuite>
