<?xml version="1.0" encoding="UTF-8"?>
<testsuite name="hc.ParameterizedStringTest" tests="6" skipped="0" failures="0" errors="0" timestamp="2023-02-23T03:30:20" hostname="DESKTOP-55AGI0I" time="0.058">
  <properties/>
  <testcase name="Medicine Null or not" classname="hc.ParameterizedStringTest" time="0.018"/>
  <testcase name="repetition 1 of 5" classname="hc.ParameterizedStringTest" time="0.005"/>
  <testcase name="repetition 2 of 5" classname="hc.ParameterizedStringTest" time="0.002"/>
  <testcase name="repetition 3 of 5" classname="hc.ParameterizedStringTest" time="0.001"/>
  <testcase name="repetition 4 of 5" classname="hc.ParameterizedStringTest" time="0.001"/>
  <testcase name="repetition 5 of 5" classname="hc.ParameterizedStringTest" time="0.001"/>
  <system-out><![CDATA[]]></system-out>
  <system-err><![CDATA[]]></system-err>
</testsuite>
